#
# A fatal error has been detected by the Java Runtime Environment:
#
#  Internal Error (javaClasses.cpp:136), pid=9096, tid=8236
#  fatal error: Invalid layout of preloaded class
#
# JRE version:  (7.0_67-b01) (build )
# Java VM: Java HotSpot(TM) Client VM (24.65-b04 mixed mode windows-x86 )
# Failed to write core dump. Minidumps are not enabled by default on client versions of Windows
#
# If you would like to submit a bug report, please visit:
#   http://bugreport.sun.com/bugreport/crash.jsp
#

---------------  T H R E A D  ---------------

Current thread (0x0174c400):  JavaThread "Unknown thread" [_thread_in_vm, id=8236, stack(0x00530000,0x00580000)]

Stack: [0x00530000,0x00580000],  sp=0x0057f950,  free space=318k
Native frames: (J=compiled Java code, j=interpreted, Vv=VM code, C=native code)
V  [jvm.dll+0x190494]
V  [jvm.dll+0x18a116]
V  [jvm.dll+0x35d7a]
V  [jvm.dll+0x35e06]
V  [jvm.dll+0x4465d]
V  [jvm.dll+0x4490e]
V  [jvm.dll+0x92f8a]
V  [jvm.dll+0x9333b]
V  [jvm.dll+0x13fa31]
V  [jvm.dll+0x1626fc]
V  [jvm.dll+0xc9d6f]
C  [javaw.exe+0x13ce]
C  [javaw.exe+0x1e40]
C  [javaw.exe+0xa601]
C  [javaw.exe+0xa68b]
C  [kernel32.dll+0x4ee1c]
C  [ntdll.dll+0x637eb]
C  [ntdll.dll+0x637be]


---------------  P R O C E S S  ---------------

Java Threads: ( => current thread )

Other Threads:

=>0x0174c400 (exited) JavaThread "Unknown thread" [_thread_in_vm, id=8236, stack(0x00530000,0x00580000)]

VM state:not at safepoint (not fully initialized)

VM Mutex/Monitor currently owned by a thread: None

GC Heap History (0 events):
No events

Deoptimization events (0 events):
No events

Internal exceptions (0 events):
No events

Events (10 events):
Event: 0.027 loading class 0x017a3118 done
Event: 0.027 loading class 0x017a2ba8 done
Event: 0.027 loading class 0x017a2b88
Event: 0.042 loading class 0x017a9f38
Event: 0.052 loading class 0x017a9f38 done
Event: 0.052 loading class 0x017a9f68
Event: 0.052 loading class 0x017a9f68 done
Event: 0.052 loading class 0x017a9f98
Event: 0.052 loading class 0x017a9f98 done
Event: 0.053 loading class 0x017a2b88 done


Dynamic libraries:
0x00940000 - 0x0096f000 	C:\Program Files\Java\jre7\bin\javaw.exe
0x76e50000 - 0x76f8c000 	C:\Windows\SYSTEM32\ntdll.dll
0x76d70000 - 0x76e44000 	C:\Windows\system32\kernel32.dll
0x74e90000 - 0x74edb000 	C:\Windows\system32\KERNELBASE.dll
0x76b80000 - 0x76c20000 	C:\Windows\system32\ADVAPI32.dll
0x76220000 - 0x762cc000 	C:\Windows\system32\msvcrt.dll
0x76f90000 - 0x76fa9000 	C:\Windows\SYSTEM32\sechost.dll
0x764d0000 - 0x76572000 	C:\Windows\system32\RPCRT4.dll
0x76580000 - 0x76649000 	C:\Windows\system32\USER32.dll
0x76980000 - 0x769ce000 	C:\Windows\system32\GDI32.dll
0x76fb0000 - 0x76fba000 	C:\Windows\system32\LPK.dll
0x75e70000 - 0x75f0d000 	C:\Windows\system32\USP10.dll
0x733f0000 - 0x7358e000 	C:\Windows\WinSxS\x86_microsoft.windows.common-controls_6595b64144ccf1df_6.0.7601.17514_none_41e6975e2bd6f2b2\COMCTL32.dll
0x76470000 - 0x764c7000 	C:\Windows\system32\SHLWAPI.dll
0x76960000 - 0x7697f000 	C:\Windows\system32\IMM32.DLL
0x76650000 - 0x7671c000 	C:\Windows\system32\MSCTF.dll
0x611a0000 - 0x6125f000 	C:\Program Files\Java\jre7\bin\msvcr100.dll
0x587a0000 - 0x58b28000 	C:\Program Files\Java\jre7\bin\client\jvm.dll
0x715e0000 - 0x715e7000 	C:\Windows\system32\WSOCK32.dll
0x76fc0000 - 0x76ff5000 	C:\Windows\system32\WS2_32.dll
0x75170000 - 0x75176000 	C:\Windows\system32\NSI.dll
0x72c00000 - 0x72c32000 	C:\Windows\system32\WINMM.dll
0x760f0000 - 0x760f5000 	C:\Windows\system32\PSAPI.DLL
0x72330000 - 0x7233c000 	C:\Program Files\Java\jre7\bin\verify.dll
0x72310000 - 0x72330000 	C:\Program Files\Java\jre7\bin\java.dll
0x722c0000 - 0x722d3000 	C:\Program Files\Java\jre7\bin\zip.dll
0x73a10000 - 0x73afb000 	C:\Windows\system32\dbghelp.dll

VM Arguments:
jvm_args: -Dfile.encoding=UTF-8 -Xbootclasspath:C:\Android\adt-bundle-windows-x86-20140702\adt-bundle-windows-x86-20140702\sdk\platforms\android-21\android.jar 
java_command: com.example.dr_wifi.Test
Launcher Type: SUN_STANDARD

Environment Variables:
JAVA_HOME=C:\Program Files\Java\jdk1.7.0_40
CLASSPATH=.;C:\Program Files\Java\jdk1.7.0_40\lib;C:\Program Files\Java\jdk1.7.0_40\lib\dt.jar;C:\Program Files\Java\jdk1.7.0_40\lib\tools.jar;
PATH=C:/Program Files/Java/jre7/bin/client;C:/Program Files/Java/jre7/bin;C:/Program Files/Java/jre7/lib/i386;C:\Windows\system32;C:\Windows;C:\Windows\System32\Wbem;C:\Windows\System32\WindowsPowerShell\v1.0\;C:\Program Files\Java\jdk1.7.0_40\bin;C:\Program Files\Microsoft SQL Server\100\Tools\Binn\;C:\Program Files\Microsoft SQL Server\100\DTS\Binn\;C:\Program Files\Bitvise SSH Client;C:\Android\adt-bundle-windows-x86-20140702\adt-bundle-windows-x86-20140702\eclipse;
USERNAME=huige
OS=Windows_NT
PROCESSOR_IDENTIFIER=x86 Family 6 Model 30 Stepping 5, GenuineIntel



---------------  S Y S T E M  ---------------

OS: Windows 7 Build 7601 Service Pack 1

CPU:total 8 (4 cores per cpu, 2 threads per core) family 6 model 30 stepping 5, cmov, cx8, fxsr, mmx, sse, sse2, sse3, ssse3, sse4.1, sse4.2, popcnt, ht, tsc, tscinvbit

Memory: 4k page, physical 3660172k(1026044k free), swap 7318592k(2539568k free)

vm_info: Java HotSpot(TM) Client VM (24.65-b04) for windows-x86 JRE (1.7.0_67-b01), built on Jul 25 2014 10:20:53 by "java_re" with unknown MS VC++:1600

time: Tue Dec 02 15:03:23 2014
elapsed time: 0 seconds

